INFO:root:Creating job with UUID: 0b657cd9-1c16-44d9-bcb4-2ae16844b28a
INFO:apscheduler.scheduler:Adding job tentatively -- it will be properly scheduled when the scheduler starts
INFO:apscheduler.scheduler:Added job "myfunc" to job store "default"
INFO:apscheduler.scheduler:Scheduler started
DEBUG:apscheduler.scheduler:Looking for jobs to run
DEBUG:apscheduler.scheduler:Next wakeup is due at 2020-03-03 19:03:31.484786-05:00 (in 0.996532 seconds)
INFO:root:Creating job with UUID: d63a804b-a2be-444b-8e07-24ab332d3fd0
INFO:apscheduler.scheduler:Adding job tentatively -- it will be properly scheduled when the scheduler starts
INFO:apscheduler.scheduler:Added job "myfunc" to job store "default"
INFO:apscheduler.scheduler:Scheduler started
DEBUG:apscheduler.scheduler:Looking for jobs to run
DEBUG:apscheduler.scheduler:Next wakeup is due at 2020-03-03 19:03:54.048511-05:00 (in 0.996610 seconds)
DEBUG:apscheduler.scheduler:Looking for jobs to run
INFO:apscheduler.executors.default:Running job "myfunc (trigger: interval[0:00:01], next run at: 2020-03-03 19:03:54 EST)" (scheduled at 2020-03-03 19:03:54.048511-05:00)
DEBUG:apscheduler.scheduler:Next wakeup is due at 2020-03-03 19:03:55.048511-05:00 (in 0.996643 seconds)
INFO:apscheduler.executors.default:Job "myfunc (trigger: interval[0:00:01], next run at: 2020-03-03 19:03:55 EST)" executed successfully
DEBUG:apscheduler.scheduler:Looking for jobs to run
INFO:apscheduler.executors.default:Running job "myfunc (trigger: interval[0:00:01], next run at: 2020-03-03 19:03:55 EST)" (scheduled at 2020-03-03 19:03:55.048511-05:00)
INFO:apscheduler.executors.default:Job "myfunc (trigger: interval[0:00:01], next run at: 2020-03-03 19:03:55 EST)" executed successfully
DEBUG:apscheduler.scheduler:Next wakeup is due at 2020-03-03 19:03:56.048511-05:00 (in 0.996612 seconds)
DEBUG:apscheduler.scheduler:Looking for jobs to run
INFO:apscheduler.executors.default:Running job "myfunc (trigger: interval[0:00:01], next run at: 2020-03-03 19:03:56 EST)" (scheduled at 2020-03-03 19:03:56.048511-05:00)
DEBUG:apscheduler.scheduler:Next wakeup is due at 2020-03-03 19:03:57.048511-05:00 (in 0.994654 seconds)
INFO:apscheduler.executors.default:Job "myfunc (trigger: interval[0:00:01], next run at: 2020-03-03 19:03:57 EST)" executed successfully
DEBUG:apscheduler.scheduler:Looking for jobs to run
INFO:apscheduler.executors.default:Running job "myfunc (trigger: interval[0:00:01], next run at: 2020-03-03 19:03:57 EST)" (scheduled at 2020-03-03 19:03:57.048511-05:00)
DEBUG:apscheduler.scheduler:Next wakeup is due at 2020-03-03 19:03:58.048511-05:00 (in 0.997035 seconds)
INFO:apscheduler.executors.default:Job "myfunc (trigger: interval[0:00:01], next run at: 2020-03-03 19:03:58 EST)" executed successfully
DEBUG:apscheduler.scheduler:Looking for jobs to run
INFO:apscheduler.executors.default:Running job "myfunc (trigger: interval[0:00:01], next run at: 2020-03-03 19:03:58 EST)" (scheduled at 2020-03-03 19:03:58.048511-05:00)
DEBUG:apscheduler.scheduler:Next wakeup is due at 2020-03-03 19:03:59.048511-05:00 (in 0.993906 seconds)
INFO:apscheduler.executors.default:Job "myfunc (trigger: interval[0:00:01], next run at: 2020-03-03 19:03:59 EST)" executed successfully
DEBUG:apscheduler.scheduler:Looking for jobs to run
INFO:apscheduler.executors.default:Running job "myfunc (trigger: interval[0:00:01], next run at: 2020-03-03 19:03:59 EST)" (scheduled at 2020-03-03 19:03:59.048511-05:00)
DEBUG:apscheduler.scheduler:Next wakeup is due at 2020-03-03 19:04:00.048511-05:00 (in 0.993599 seconds)
INFO:apscheduler.executors.default:Job "myfunc (trigger: interval[0:00:01], next run at: 2020-03-03 19:04:00 EST)" executed successfully
DEBUG:apscheduler.scheduler:Looking for jobs to run
INFO:apscheduler.executors.default:Running job "myfunc (trigger: interval[0:00:01], next run at: 2020-03-03 19:04:00 EST)" (scheduled at 2020-03-03 19:04:00.048511-05:00)
DEBUG:apscheduler.scheduler:Next wakeup is due at 2020-03-03 19:04:01.048511-05:00 (in 0.995780 seconds)
INFO:apscheduler.executors.default:Job "myfunc (trigger: interval[0:00:01], next run at: 2020-03-03 19:04:01 EST)" executed successfully
DEBUG:apscheduler.scheduler:Looking for jobs to run
INFO:apscheduler.executors.default:Running job "myfunc (trigger: interval[0:00:01], next run at: 2020-03-03 19:04:01 EST)" (scheduled at 2020-03-03 19:04:01.048511-05:00)
INFO:apscheduler.executors.default:Job "myfunc (trigger: interval[0:00:01], next run at: 2020-03-03 19:04:01 EST)" executed successfully
INFO:root:Removing job with UUID: d63a804b-a2be-444b-8e07-24ab332d3fd0
DEBUG:apscheduler.scheduler:Next wakeup is due at 2020-03-03 19:04:02.048511-05:00 (in 0.993587 seconds)
INFO:apscheduler.scheduler:Removed job d63a804b-a2be-444b-8e07-24ab332d3fd0
INFO:root:Creating job with UUID: b734e292-f4ee-4f91-a58a-8bc195bfe499
